Build started 5/5/2023 1:40:49 AM.
     1>Project "C:\omar\faculty\second term\DataStructures\Team_20_PH1\DS_phase1\DS_project 1.1\DS_project 1.1.vcxproj" on node 2 (Build target(s)).
     1>ClCompile:
         C:\Program Files (x86)\Microsoft Visual Studio 11.0\VC\bin\CL.exe /c /ZI /nologo /W3 /WX- /Od /Oy- /D _MBCS /Gm /EHsc /RTC1 /MDd /GS /fp:precise /Zc:wchar_t /Zc:forScope /Fo"Debug\\" /Fd"Debug\vc110.pdb" /Gd /TP /analyze- /errorReport:prompt FCFS.cpp Process.cpp Processor.cpp RR.cpp Schedular.cpp SJF.cpp Source.cpp UI.cpp
         UI.cpp
         Source.cpp
     1>c:\omar\faculty\second term\datastructures\team_20_ph1\ds_phase1\ds_project 1.1\schedular.h(5): warning C4067: unexpected tokens following preprocessor directive - expected a newline
         SJF.cpp
     1>c:\omar\faculty\second term\datastructures\team_20_ph1\ds_phase1\ds_project 1.1\schedular.h(5): warning C4067: unexpected tokens following preprocessor directive - expected a newline
         Schedular.cpp
     1>c:\omar\faculty\second term\datastructures\team_20_ph1\ds_phase1\ds_project 1.1\schedular.h(5): warning C4067: unexpected tokens following preprocessor directive - expected a newline
         RR.cpp
     1>c:\omar\faculty\second term\datastructures\team_20_ph1\ds_phase1\ds_project 1.1\schedular.h(5): warning C4067: unexpected tokens following preprocessor directive - expected a newline
         Processor.cpp
     1>c:\omar\faculty\second term\datastructures\team_20_ph1\ds_phase1\ds_project 1.1\schedular.h(5): warning C4067: unexpected tokens following preprocessor directive - expected a newline
     1>c:\omar\faculty\second term\datastructures\team_20_ph1\ds_phase1\ds_project 1.1\processor.cpp(25): warning C4244: 'argument' : conversion from 'time_t' to 'unsigned int', possible loss of data
         Process.cpp
         FCFS.cpp
     1>c:\omar\faculty\second term\datastructures\team_20_ph1\ds_phase1\ds_project 1.1\schedular.h(5): warning C4067: unexpected tokens following preprocessor directive - expected a newline
         Generating Code...
       Link:
         C:\Program Files (x86)\Microsoft Visual Studio 11.0\VC\bin\link.exe /ERRORREPORT:PROMPT /OUT:"C:\omar\faculty\second term\DataStructures\Team_20_PH1\DS_phase1\Debug\DS_project 1.1.exe" /INCREMENTAL /NOLOGO kernel32.lib user32.lib gdi32.lib winspool.lib comdlg32.lib advapi32.lib shell32.lib ole32.lib oleaut32.lib uuid.lib odbc32.lib odbccp32.lib /MANIFEST /MANIFESTUAC:"level='asInvoker' uiAccess='false'" /manifest:embed /DEBUG /PDB:"C:\omar\faculty\second term\DataStructures\Team_20_PH1\DS_phase1\Debug\DS_project 1.1.pdb" /SUBSYSTEM:CONSOLE /TLBID:1 /DYNAMICBASE /NXCOMPAT /IMPLIB:"C:\omar\faculty\second term\DataStructures\Team_20_PH1\DS_phase1\Debug\DS_project 1.1.lib" /MACHINE:X86 Debug\FCFS.obj
         Debug\Process.obj
         Debug\Processor.obj
         Debug\RR.obj
         Debug\Schedular.obj
         Debug\SJF.obj
         Debug\Source.obj
         Debug\UI.obj
         DS_project 1.1.vcxproj -> C:\omar\faculty\second term\DataStructures\Team_20_PH1\DS_phase1\Debug\DS_project 1.1.exe
     1>Done Building Project "C:\omar\faculty\second term\DataStructures\Team_20_PH1\DS_phase1\DS_project 1.1\DS_project 1.1.vcxproj" (Build target(s)).

Build succeeded.

Time Elapsed 00:00:04.93
